<?xml version="1.0" encoding="UTF-8"?>
<testng-results skipped="0" failed="0" ignored="0" total="1" passed="1">
  <reporter-output>
    <line>
      <![CDATA[=======Setup Started=======]]>
    </line>
    <line>
      <![CDATA[=======Setup Ended=======]]>
    </line>
    <line>
      <![CDATA[=======Login Started=======]]>
    </line>
    <line>
      <![CDATA[=======Login Ended=======]]>
    </line>
    <line>
      <![CDATA[=======tearDown Started=======]]>
    </line>
    <line>
      <![CDATA[=======tearDown Ended=======]]>
    </line>
  </reporter-output>
  <suite name="Default suite" duration-ms="27260" started-at="2020-04-16T18:41:30 EDT" finished-at="2020-04-16T18:41:57 EDT">
    <groups>
    </groups>
    <test name="Default test" duration-ms="27260" started-at="2020-04-16T18:41:30 EDT" finished-at="2020-04-16T18:41:57 EDT">
      <class name="appiumAndroidTests.ChromeBrowserTest">
        <test-method status="PASS" signature="reportSetup()[pri:0, instance:appiumAndroidTests.ChromeBrowserTest@7a1ebcd8]" name="reportSetup" is-config="true" duration-ms="142" started-at="2020-04-16T18:41:30 EDT" finished-at="2020-04-16T18:41:30 EDT">
          <reporter-output>
          </reporter-output>
        </test-method> <!-- reportSetup -->
        <test-method status="PASS" signature="setup()[pri:0, instance:appiumAndroidTests.ChromeBrowserTest@7a1ebcd8]" name="setup" is-config="true" duration-ms="16281" started-at="2020-04-16T18:41:30 EDT" finished-at="2020-04-16T18:41:46 EDT">
          <reporter-output>
            <line>
              <![CDATA[=======Setup Started=======]]>
            </line>
            <line>
              <![CDATA[=======Setup Ended=======]]>
            </line>
          </reporter-output>
        </test-method> <!-- setup -->
        <test-method status="PASS" signature="openUrlAndLogin()[pri:0, instance:appiumAndroidTests.ChromeBrowserTest@7a1ebcd8]" name="openUrlAndLogin" duration-ms="9592" started-at="2020-04-16T18:41:46 EDT" finished-at="2020-04-16T18:41:56 EDT">
          <reporter-output>
            <line>
              <![CDATA[=======Login Started=======]]>
            </line>
            <line>
              <![CDATA[=======Login Ended=======]]>
            </line>
          </reporter-output>
        </test-method> <!-- openUrlAndLogin -->
        <test-method status="PASS" signature="tearDown()[pri:0, instance:appiumAndroidTests.ChromeBrowserTest@7a1ebcd8]" name="tearDown" is-config="true" duration-ms="1358" started-at="2020-04-16T18:41:56 EDT" finished-at="2020-04-16T18:41:57 EDT">
          <reporter-output>
            <line>
              <![CDATA[=======tearDown Started=======]]>
            </line>
            <line>
              <![CDATA[=======tearDown Ended=======]]>
            </line>
          </reporter-output>
        </test-method> <!-- tearDown -->
        <test-method status="PASS" signature="reportTearDown()[pri:0, instance:appiumAndroidTests.ChromeBrowserTest@7a1ebcd8]" name="reportTearDown" is-config="true" duration-ms="554" started-at="2020-04-16T18:41:57 EDT" finished-at="2020-04-16T18:41:58 EDT">
          <reporter-output>
          </reporter-output>
        </test-method> <!-- reportTearDown -->
      </class> <!-- appiumAndroidTests.ChromeBrowserTest -->
    </test> <!-- Default test -->
  </suite> <!-- Default suite -->
</testng-results>
